  test.c
e:\bit\bitwork\新建文件夹\binarytree\binarytree\test.c(19): warning C4013: “LevelOrder”未定义；假设外部返回 int
e:\bit\bitwork\新建文件夹\binarytree\binarytree\test.c(21): warning C4013: “IsCompleteBTree”未定义；假设外部返回 int
e:\bit\bitwork\新建文件夹\binarytree\binarytree\test.c(23): warning C4013: “PreorderLoop”未定义；假设外部返回 int
e:\bit\bitwork\新建文件夹\binarytree\binarytree\test.c(26): warning C4013: “InorderLoop”未定义；假设外部返回 int
e:\bit\bitwork\新建文件夹\binarytree\binarytree\test.c(29): warning C4013: “PostorderLoop”未定义；假设外部返回 int
e:\bit\bitwork\新建文件夹\binarytree\binarytree\test.c(32): warning C4013: “Mirror”未定义；假设外部返回 int
  BinaryTree.c
e:\bit\bitwork\新建文件夹\binarytree\binarytree\binarytree.c(236): warning C4047: “==”:“BNode *”与“int”的间接级别不同
e:\bit\bitwork\新建文件夹\binarytree\binarytree\binarytree.c(279): warning C4047: “函数”:“SDataType”与“BNode *”的间接级别不同
e:\bit\bitwork\新建文件夹\binarytree\binarytree\binarytree.c(279): warning C4024: “StackPush”: 形参和实参 2 的类型不同
e:\bit\bitwork\新建文件夹\binarytree\binarytree\binarytree.c(283): warning C4047: “=”:“BNode *”与“SDataType”的间接级别不同
e:\bit\bitwork\新建文件夹\binarytree\binarytree\binarytree.c(303): warning C4047: “函数”:“SDataType”与“BNode *”的间接级别不同
e:\bit\bitwork\新建文件夹\binarytree\binarytree\binarytree.c(303): warning C4024: “StackPush”: 形参和实参 2 的类型不同
e:\bit\bitwork\新建文件夹\binarytree\binarytree\binarytree.c(307): warning C4047: “=”:“BNode *”与“SDataType”的间接级别不同
e:\bit\bitwork\新建文件夹\binarytree\binarytree\binarytree.c(328): warning C4047: “函数”:“SDataType”与“BNode *”的间接级别不同
e:\bit\bitwork\新建文件夹\binarytree\binarytree\binarytree.c(328): warning C4024: “StackPush”: 形参和实参 2 的类型不同
e:\bit\bitwork\新建文件夹\binarytree\binarytree\binarytree.c(332): warning C4047: “=”:“BNode *”与“SDataType”的间接级别不同
  正在生成代码...
  BinaryTree.vcxproj -> E:\bit\bitwork\新建文件夹\BinaryTree\Debug\BinaryTree.exe
